2019-07-26 14:22:55,562 [26] INFO  Renappo [(null)] - Consulta SAP - Servicio : 
<soapenv:Envelope xmlns:soapenv="http://schemas.xmlsoap.org/soap/envelope/" xmlns:ren="https://anses.gov.ar/ws/renappo">
  <soapenv:Header />
  <soapenv:Body>
    <ren:obtenerCertificado>
      <!--Optional:-->
      <ren:cuit>30-50009859-3</ren:cuit>
    </ren:obtenerCertificado>
  </soapenv:Body>
</soapenv:Envelope>
2019-07-26 14:22:56,079 [26] INFO  Renappo [(null)] - Respuesta Servicio - SAP : 
<soap:Envelope xmlns:soap="http://schemas.xmlsoap.org/soap/envelope/" xmlns:xsi="http://www.w3.org/2001/XMLSchema-instance" xmlns:xsd="http://www.w3.org/2001/XMLSchema">
  <soap:Body>
    <obtenerCertificadoResponse xmlns="https://anses.gov.ar/ws/renappo">
      <obtenerCertificadoResult>
        <Cuit>30-50009859-3</Cuit>
        <RazonSocial>ALEMANN S.R.L.</RazonSocial>
        <Intermediario>ARGENTINISCHES TAGEBLATT</Intermediario>
        <Habilitado>Si</Habilitado>
        <FechaVigencia>2019-04-09 - 2019-10-06</FechaVigencia>
        <Tarifario>https://renappo.argentina.gob.ar/apiAnses/data/docs/5ca7741bccf0a-CUADRO-TARIFARIO-ACTUALIZADO.pdf-v1.pdf</Tarifario>
        <Certificado>&lt;pdf Author="Secretaria de Comunicacion Publica - Direccion Legales" Title="Certificado 30-50009859-3"&gt;
        &lt;page page-size="a4-landscape"&gt;
        &lt;div border-size="1.7mm" height="178mm" font-size="20px" border-color="#4f81bd" padding-left="3mm" padding-right="3mm"&gt;
            &lt;img text-align="center" src="%MediosRenappoBundle:img/renappo-header-pdf.png%" margin-left="2mm" margin-top="1mm" width="100%" /&gt;

            &lt;div text-align="center" height="15mm"&gt;CERTIFICADO HABILITANTE - Actividad: &lt;strong&gt;MEDIOS&lt;/strong&gt;&lt;/div&gt;

            &lt;div text-align="justify"&gt;
                De conformidad con lo establecido en las Resoluciones N° 247/2016 y N° 446/2016
                de la Secretaría de Comunicación Pública, se extiende a
                 ALEMANN S.R.L.,
                CUIT 30-50009859-3, Proveedor Nro 1, el presente certificado habilitante
                como Proveedor del Registro Nacional de Proveedores de Publicidad Oficial - RENAPPO.-
            &lt;/div&gt;

            &lt;div text-align="center" height="10mm"&gt;&lt;/div&gt;

            &lt;div float="left" width="120mm"&gt;
                &lt;div&gt;
                    Fecha: 2019-04-09
                &lt;/div&gt;
                &lt;div&gt;
                    Vencimiento: 2019-10-06
                &lt;/div&gt;
            &lt;/div&gt;

            &lt;div float="left" width="100mm"&gt;
                &lt;img text-align="center" src="%MediosRenappoBundle:img/FirmaDirector.png%" margin-top="1mm" width="35mm"/&gt;
            &lt;/div&gt;

            &lt;div float="left" width="45mm"&gt;
                &lt;img text-align="right" src="/tmp/qWYLOy.png"/&gt;
            &lt;/div&gt;


        &lt;/div&gt;
    &lt;/page&gt;
        
&lt;/pdf&gt;
</Certificado>
      </obtenerCertificadoResult>
    </obtenerCertificadoResponse>
  </soap:Body>
</soap:Envelope>
2019-07-26 14:27:56,783 [6] INFO  Renappo [(null)] - Consulta SAP - Servicio : 
<soapenv:Envelope xmlns:soapenv="http://schemas.xmlsoap.org/soap/envelope/" xmlns:ren="https://anses.gov.ar/ws/renappo">
  <soapenv:Header />
  <soapenv:Body>
    <ren:obtenerCertificado>
      <!--Optional:-->
      <ren:cuit>30-50009859-3</ren:cuit>
    </ren:obtenerCertificado>
  </soapenv:Body>
</soapenv:Envelope>
2019-07-26 14:29:48,378 [6] INFO  Renappo [(null)] - Respuesta Servicio - SAP : 
<soap:Envelope xmlns:soap="http://schemas.xmlsoap.org/soap/envelope/" xmlns:xsi="http://www.w3.org/2001/XMLSchema-instance" xmlns:xsd="http://www.w3.org/2001/XMLSchema">
  <soap:Body>
    <soap:Fault>
      <faultcode>soap:Server</faultcode>
      <faultstring>System.Web.Services.Protocols.SoapException: El servidor no puede procesar la solicitud. ---&gt; System.Exception: &lt;html&gt;
&lt;head&gt;
    &lt;meta charset="utf-8"&gt;
    &lt;meta http-equiv="X-UA-Compatible" content="IE=edge"&gt;
    &lt;meta name="viewport" content="width=device-width, initial-scale=1"&gt;
                &lt;link rel="stylesheet" type="text/css" href="https://ansescaars.anses.gov.ar:4143/bootstrap.min.css"&gt;
    &lt;title&gt;Sus credenciales, no pudieron ser validadas: "General authentication failure due to bad user ID or authentication token.". El acceso no sera permitido hasta que las credenciales sean validadas.&lt;/title&gt;
&lt;/head&gt;
&lt;body&gt;
    &lt;nav class="navbar navbar-default navbar-fixed-top" style="background-color:#3cade7"&gt;
            &lt;div class="navbar-header page-scroll" &gt;
                                                &lt;img src="https://ansescaars.anses.gov.ar:4143/banner.png"&gt;&lt;/img&gt;
                                                &lt;/div&gt;
    &lt;/nav&gt;
    &lt;section class=" my-container"&gt;
        &lt;div class="container"&gt;
            &lt;div class="row"&gt;
                    &lt;div class="panel panel-red"style="margin-top:200px"&gt;
                        &lt;div class="panel-heading" style="background-color:#EB5562;color:#fff"&gt;
                            &lt;strong&gt;- ACCESO DENEGADO -&lt;/strong&gt;
                        &lt;/div&gt;
                        &lt;div class="panel-body"&gt;
                            &lt;p&gt;&lt;b&gt;USER_DAPC&lt;/b&gt;, el acceso a la página web &lt;strong style="color:#EB5562;"&gt;renappo.argentina.gob.ar&lt;/strong&gt; requiere Acceso a Internet.&lt;/p&gt;
							&lt;p&gt;&lt;b&gt;Code Error:&lt;/b&gt; 0x009ZR&lt;/p&gt;
                        &lt;/div&gt;
                        &lt;div class="panel-footer"&gt;
							&lt;p style="font-size:15px"&gt;Si Ud. considera que este sitio es necesario para su desempeño laboral, envíenos la correspondiente justificación a través de un correo electrónico haciendo click &lt;a href='mailto:mesadeayudadgiit@anses.gov.ar?subject=Sitio Web con Acceso Restringido en BluecoatSG-02 - 10.1.20.78 &amp;body=Se denego el acceso al sitio renappo.argentina.gob.ar al usuario USER_DAPC el día 2019-07-26 - 17:28:12 (GMT). %0D%0D%0DInformacion Tecnica%0D-----------------------------%0DNOMBRE DEL PROXY: BluecoatSG-02 - 10.1.20.78.%0DMOTIVO DE ERROR: Sus credenciales, no pudieron ser validadas: "General authentication failure due to bad user ID or authentication token.". El acceso no sera permitido hasta que las credenciales sean validadas..%0DUSER-NAME: USER_DAPC.%0DDIRECCION IP: 10.86.31.83.%0DURL: renappo.argentina.gob.ar.%0DCATEGORIA: sitios_DomainUsers;Sitios_Internet_Restringido;Sitios_GPO_Presta_descentrali_UDAT;Lista_GOV_GOB_AR;Sitios_Control_Prestacional;Sitios_Presta_DG;Government&amp;#x2F;Legal.%0DFECHA: 2019-07-26 - 17:28:12 (GMT)%0D%0DCODIGO: 0x009ZR' style="text-decoration: none"&gt;&lt;strong&gt;Aquí&lt;/strong&gt;&lt;/a&gt;&lt;/p&gt;
                            &lt;p style="font-size:15px"&gt;Recuerde que se encuentra vigente la norma "Uso de Correo Electrónico, Internet y Mensajería Instantánea" &lt;a href="http://intranetanses/archivos/manuales_procedimientos/normas/SIST-06-02.pdf" style="text-decoration:none"&gt;&lt;strong&gt;(Ver norma en formato pdf)&lt;/strong&gt;&lt;/a&gt;&lt;/p&gt;
                        &lt;/div&gt;
                    &lt;/div&gt;
            &lt;/div&gt;
            &lt;div class="row"&gt;
                &lt;div class=" col-lg-12 "&gt;
            &lt;/div&gt;
            &lt;/div&gt;
        &lt;/div&gt;
    &lt;/section&gt;
    &lt;footer class="text-center"&gt;
        &lt;div class="footer-below" style="background-color:#FFF"&gt;
            &lt;div class="container"&gt;
                &lt;div class="row"&gt;
                    &lt;div class="col-lg-12" style="color: #005496"&gt;
                        &lt;strong&gt;Dirección de Seguridad Informática | ANSES&lt;/strong&gt;
                    &lt;/div&gt;
                &lt;/div&gt;
            &lt;/div&gt;
        &lt;/div&gt;
    &lt;/footer&gt;
&lt;/body&gt;
&lt;/html&gt;

   en X7Renappo.CertificadoService.obtenerCertificado(String cuit) en C:\LIGHUEN\RENAPPO\X7Renappo\X7Renappo\CertificadoService.asmx.cs:línea 31
   --- Fin del seguimiento de la pila de la excepción interna ---</faultstring>
      <detail />
    </soap:Fault>
  </soap:Body>
</soap:Envelope>
2019-07-26 14:29:56,258 [40] INFO  Renappo [(null)] - Consulta SAP - Servicio : 
<soapenv:Envelope xmlns:soapenv="http://schemas.xmlsoap.org/soap/envelope/" xmlns:ren="https://anses.gov.ar/ws/renappo">
  <soapenv:Header />
  <soapenv:Body>
    <ren:obtenerCertificado>
      <!--Optional:-->
      <ren:cuit>30-50009859-3</ren:cuit>
    </ren:obtenerCertificado>
  </soapenv:Body>
</soapenv:Envelope>
2019-07-26 14:31:56,093 [40] INFO  Renappo [(null)] - Respuesta Servicio - SAP : 
<soap:Envelope xmlns:soap="http://schemas.xmlsoap.org/soap/envelope/" xmlns:xsi="http://www.w3.org/2001/XMLSchema-instance" xmlns:xsd="http://www.w3.org/2001/XMLSchema">
  <soap:Body>
    <soap:Fault>
      <faultcode>soap:Server</faultcode>
      <faultstring>System.Web.Services.Protocols.SoapException: El servidor no puede procesar la solicitud. ---&gt; System.Exception: &lt;html&gt;
&lt;head&gt;
    &lt;meta charset="utf-8"&gt;
    &lt;meta http-equiv="X-UA-Compatible" content="IE=edge"&gt;
    &lt;meta name="viewport" content="width=device-width, initial-scale=1"&gt;
                &lt;link rel="stylesheet" type="text/css" href="https://ansescaars.anses.gov.ar:4143/bootstrap.min.css"&gt;
    &lt;title&gt;Sus credenciales, no pudieron ser validadas: "General authentication failure due to bad user ID or authentication token.". El acceso no sera permitido hasta que las credenciales sean validadas.&lt;/title&gt;
&lt;/head&gt;
&lt;body&gt;
    &lt;nav class="navbar navbar-default navbar-fixed-top" style="background-color:#3cade7"&gt;
            &lt;div class="navbar-header page-scroll" &gt;
                                                &lt;img src="https://ansescaars.anses.gov.ar:4143/banner.png"&gt;&lt;/img&gt;
                                                &lt;/div&gt;
    &lt;/nav&gt;
    &lt;section class=" my-container"&gt;
        &lt;div class="container"&gt;
            &lt;div class="row"&gt;
                    &lt;div class="panel panel-red"style="margin-top:200px"&gt;
                        &lt;div class="panel-heading" style="background-color:#EB5562;color:#fff"&gt;
                            &lt;strong&gt;- ACCESO DENEGADO -&lt;/strong&gt;
                        &lt;/div&gt;
                        &lt;div class="panel-body"&gt;
                            &lt;p&gt;&lt;b&gt;USER_DAPC&lt;/b&gt;, el acceso a la página web &lt;strong style="color:#EB5562;"&gt;renappo.argentina.gob.ar&lt;/strong&gt; requiere Acceso a Internet.&lt;/p&gt;
							&lt;p&gt;&lt;b&gt;Code Error:&lt;/b&gt; 0x009ZR&lt;/p&gt;
                        &lt;/div&gt;
                        &lt;div class="panel-footer"&gt;
							&lt;p style="font-size:15px"&gt;Si Ud. considera que este sitio es necesario para su desempeño laboral, envíenos la correspondiente justificación a través de un correo electrónico haciendo click &lt;a href='mailto:mesadeayudadgiit@anses.gov.ar?subject=Sitio Web con Acceso Restringido en BluecoatSG-02 - 10.1.20.78 &amp;body=Se denego el acceso al sitio renappo.argentina.gob.ar al usuario USER_DAPC el día 2019-07-26 - 17:30:11 (GMT). %0D%0D%0DInformacion Tecnica%0D-----------------------------%0DNOMBRE DEL PROXY: BluecoatSG-02 - 10.1.20.78.%0DMOTIVO DE ERROR: Sus credenciales, no pudieron ser validadas: "General authentication failure due to bad user ID or authentication token.". El acceso no sera permitido hasta que las credenciales sean validadas..%0DUSER-NAME: USER_DAPC.%0DDIRECCION IP: 10.86.31.83.%0DURL: renappo.argentina.gob.ar.%0DCATEGORIA: sitios_DomainUsers;Sitios_Internet_Restringido;Sitios_GPO_Presta_descentrali_UDAT;Lista_GOV_GOB_AR;Sitios_Control_Prestacional;Sitios_Presta_DG;Government&amp;#x2F;Legal.%0DFECHA: 2019-07-26 - 17:30:11 (GMT)%0D%0DCODIGO: 0x009ZR' style="text-decoration: none"&gt;&lt;strong&gt;Aquí&lt;/strong&gt;&lt;/a&gt;&lt;/p&gt;
                            &lt;p style="font-size:15px"&gt;Recuerde que se encuentra vigente la norma "Uso de Correo Electrónico, Internet y Mensajería Instantánea" &lt;a href="http://intranetanses/archivos/manuales_procedimientos/normas/SIST-06-02.pdf" style="text-decoration:none"&gt;&lt;strong&gt;(Ver norma en formato pdf)&lt;/strong&gt;&lt;/a&gt;&lt;/p&gt;
                        &lt;/div&gt;
                    &lt;/div&gt;
            &lt;/div&gt;
            &lt;div class="row"&gt;
                &lt;div class=" col-lg-12 "&gt;
            &lt;/div&gt;
            &lt;/div&gt;
        &lt;/div&gt;
    &lt;/section&gt;
    &lt;footer class="text-center"&gt;
        &lt;div class="footer-below" style="background-color:#FFF"&gt;
            &lt;div class="container"&gt;
                &lt;div class="row"&gt;
                    &lt;div class="col-lg-12" style="color: #005496"&gt;
                        &lt;strong&gt;Dirección de Seguridad Informática | ANSES&lt;/strong&gt;
                    &lt;/div&gt;
                &lt;/div&gt;
            &lt;/div&gt;
        &lt;/div&gt;
    &lt;/footer&gt;
&lt;/body&gt;
&lt;/html&gt;

   en X7Renappo.CertificadoService.obtenerCertificado(String cuit) en C:\LIGHUEN\RENAPPO\X7Renappo\X7Renappo\CertificadoService.asmx.cs:línea 31
   --- Fin del seguimiento de la pila de la excepción interna ---</faultstring>
      <detail />
    </soap:Fault>
  </soap:Body>
</soap:Envelope>
2019-07-26 14:38:19,023 [48] INFO  Renappo [(null)] - Consulta SAP - Servicio : 
<soapenv:Envelope xmlns:soapenv="http://schemas.xmlsoap.org/soap/envelope/" xmlns:ren="https://anses.gov.ar/ws/renappo">
  <soapenv:Header />
  <soapenv:Body>
    <ren:obtenerCertificado>
      <!--Optional:-->
      <ren:cuit>30-50009859-3</ren:cuit>
    </ren:obtenerCertificado>
  </soapenv:Body>
</soapenv:Envelope>
2019-07-26 14:38:19,350 [48] INFO  Renappo [(null)] - Respuesta Servicio - SAP : 
<soap:Envelope xmlns:soap="http://schemas.xmlsoap.org/soap/envelope/" xmlns:xsi="http://www.w3.org/2001/XMLSchema-instance" xmlns:xsd="http://www.w3.org/2001/XMLSchema">
  <soap:Body>
    <obtenerCertificadoResponse xmlns="https://anses.gov.ar/ws/renappo">
      <obtenerCertificadoResult />
    </obtenerCertificadoResponse>
  </soap:Body>
</soap:Envelope>
2019-07-26 14:41:51,051 [47] INFO  Renappo [(null)] - Consulta SAP - Servicio : 
<soapenv:Envelope xmlns:soapenv="http://schemas.xmlsoap.org/soap/envelope/" xmlns:ren="https://anses.gov.ar/ws/renappo">
  <soapenv:Header />
  <soapenv:Body>
    <ren:obtenerCertificado>
      <!--Optional:-->
      <ren:cuit>30-50009859-3</ren:cuit>
    </ren:obtenerCertificado>
  </soapenv:Body>
</soapenv:Envelope>
2019-07-26 14:41:51,440 [47] INFO  Renappo [(null)] - Respuesta Servicio - SAP : 
<soap:Envelope xmlns:soap="http://schemas.xmlsoap.org/soap/envelope/" xmlns:xsi="http://www.w3.org/2001/XMLSchema-instance" xmlns:xsd="http://www.w3.org/2001/XMLSchema">
  <soap:Body>
    <obtenerCertificadoResponse xmlns="https://anses.gov.ar/ws/renappo">
      <obtenerCertificadoResult />
    </obtenerCertificadoResponse>
  </soap:Body>
</soap:Envelope>
2019-07-26 14:44:13,816 [56] INFO  Renappo [(null)] - Consulta SAP - Servicio : 
<soapenv:Envelope xmlns:soapenv="http://schemas.xmlsoap.org/soap/envelope/" xmlns:ren="https://anses.gov.ar/ws/renappo">
  <soapenv:Header />
  <soapenv:Body>
    <ren:obtenerCertificado>
      <!--Optional:-->
      <ren:cuit>30-50009859-3</ren:cuit>
    </ren:obtenerCertificado>
  </soapenv:Body>
</soapenv:Envelope>
2019-07-26 14:44:14,042 [56] INFO  Renappo [(null)] - Respuesta Servicio - SAP : 
<soap:Envelope xmlns:soap="http://schemas.xmlsoap.org/soap/envelope/" xmlns:xsi="http://www.w3.org/2001/XMLSchema-instance" xmlns:xsd="http://www.w3.org/2001/XMLSchema">
  <soap:Body>
    <obtenerCertificadoResponse xmlns="https://anses.gov.ar/ws/renappo">
      <obtenerCertificadoResult />
    </obtenerCertificadoResponse>
  </soap:Body>
</soap:Envelope>
2019-07-26 14:45:55,307 [56] INFO  Renappo [(null)] - Consulta SAP - Servicio : 
<soapenv:Envelope xmlns:soapenv="http://schemas.xmlsoap.org/soap/envelope/" xmlns:ren="https://anses.gov.ar/ws/renappo">
  <soapenv:Header />
  <soapenv:Body>
    <ren:obtenerCertificado>
      <!--Optional:-->
      <ren:cuit>30-50009859-3</ren:cuit>
    </ren:obtenerCertificado>
  </soapenv:Body>
</soapenv:Envelope>
2019-07-26 14:47:48,986 [56] INFO  Renappo [(null)] - Respuesta Servicio - SAP : 
<soap:Envelope xmlns:soap="http://schemas.xmlsoap.org/soap/envelope/" xmlns:xsi="http://www.w3.org/2001/XMLSchema-instance" xmlns:xsd="http://www.w3.org/2001/XMLSchema">
  <soap:Body>
    <obtenerCertificadoResponse xmlns="https://anses.gov.ar/ws/renappo">
      <obtenerCertificadoResult />
    </obtenerCertificadoResponse>
  </soap:Body>
</soap:Envelope>
2019-07-26 14:58:15,510 [73] INFO  Renappo [(null)] - Consulta SAP - Servicio : 
<soapenv:Envelope xmlns:soapenv="http://schemas.xmlsoap.org/soap/envelope/" xmlns:ren="https://anses.gov.ar/ws/renappo">
  <soapenv:Header />
  <soapenv:Body>
    <ren:obtenerCertificado>
      <!--Optional:-->
      <ren:cuit>30-50009859-4</ren:cuit>
    </ren:obtenerCertificado>
  </soapenv:Body>
</soapenv:Envelope>
2019-07-26 15:02:31,069 [9] INFO  Renappo [(null)] - Consulta SAP - Servicio : 
<soapenv:Envelope xmlns:soapenv="http://schemas.xmlsoap.org/soap/envelope/" xmlns:ren="https://anses.gov.ar/ws/renappo">
  <soapenv:Header />
  <soapenv:Body>
    <ren:obtenerCertificado>
      <!--Optional:-->
      <ren:cuit>30-50009859-4</ren:cuit>
    </ren:obtenerCertificado>
  </soapenv:Body>
</soapenv:Envelope>
2019-07-26 15:02:51,769 [9] ERROR obtenerCertificado [(null)] - obtenerCertificado
System.Exception: Debe ingresar un cuit con el formato XX-XXXXXXXX-X
   en X7Renappo.Negocio.Recursos.obtenerCertificado(String cuit) en C:\LIGHUEN\RENAPPO\X7Renappo\X7Renappo\Negocio\Recursos.cs:línea 80
   en X7Renappo.CertificadoService.obtenerCertificado(String cuit) en C:\LIGHUEN\RENAPPO\X7Renappo\X7Renappo\CertificadoService.asmx.cs:línea 26
2019-07-26 15:02:54,237 [9] INFO  Renappo [(null)] - Respuesta Servicio - SAP : 
<soap:Envelope xmlns:soap="http://schemas.xmlsoap.org/soap/envelope/" xmlns:xsi="http://www.w3.org/2001/XMLSchema-instance" xmlns:xsd="http://www.w3.org/2001/XMLSchema">
  <soap:Body>
    <soap:Fault>
      <faultcode>soap:Client</faultcode>
      <faultstring>System.Web.Services.Protocols.SoapException: Error ---&gt; System.Exception: Debe ingresar un cuit con el formato XX-XXXXXXXX-X
   en X7Renappo.Negocio.Recursos.obtenerCertificado(String cuit) en C:\LIGHUEN\RENAPPO\X7Renappo\X7Renappo\Negocio\Recursos.cs:línea 80
   en X7Renappo.CertificadoService.obtenerCertificado(String cuit) en C:\LIGHUEN\RENAPPO\X7Renappo\X7Renappo\CertificadoService.asmx.cs:línea 26
   --- Fin del seguimiento de la pila de la excepción interna ---
   en X7Renappo.CertificadoService.obtenerCertificado(String cuit) en C:\LIGHUEN\RENAPPO\X7Renappo\X7Renappo\CertificadoService.asmx.cs:línea 30</faultstring>
      <detail />
    </soap:Fault>
  </soap:Body>
</soap:Envelope>
2019-07-26 15:06:47,273 [13] INFO  Renappo [(null)] - Consulta SAP - Servicio : 
<soapenv:Envelope xmlns:soapenv="http://schemas.xmlsoap.org/soap/envelope/" xmlns:ren="https://anses.gov.ar/ws/renappo">
  <soapenv:Header />
  <soapenv:Body>
    <ren:obtenerCertificado>
      <!--Optional:-->
      <ren:cuit>30-50009859-4</ren:cuit>
    </ren:obtenerCertificado>
  </soapenv:Body>
</soapenv:Envelope>
2019-07-26 15:06:53,205 [13] ERROR obtenerCertificado [(null)] - Error obtenerCertificado: Debe ingresar un cuit con el formato XX-XXXXXXXX-X
2019-07-26 15:06:53,206 [13] ERROR obtenerCertificado [(null)] - obtenerCertificado
System.Exception: Debe ingresar un cuit con el formato XX-XXXXXXXX-X
   en X7Renappo.Negocio.Recursos.obtenerCertificado(String cuit) en C:\LIGHUEN\RENAPPO\X7Renappo\X7Renappo\Negocio\Recursos.cs:línea 80
   en X7Renappo.CertificadoService.obtenerCertificado(String cuit) en C:\LIGHUEN\RENAPPO\X7Renappo\X7Renappo\CertificadoService.asmx.cs:línea 26
2019-07-26 15:06:55,520 [13] INFO  Renappo [(null)] - Respuesta Servicio - SAP : 
<soap:Envelope xmlns:soap="http://schemas.xmlsoap.org/soap/envelope/" xmlns:xsi="http://www.w3.org/2001/XMLSchema-instance" xmlns:xsd="http://www.w3.org/2001/XMLSchema">
  <soap:Body>
    <soap:Fault>
      <faultcode>soap:Client</faultcode>
      <faultstring>System.Web.Services.Protocols.SoapException: Error ---&gt; System.Exception: Debe ingresar un cuit con el formato XX-XXXXXXXX-X
   en X7Renappo.Negocio.Recursos.obtenerCertificado(String cuit) en C:\LIGHUEN\RENAPPO\X7Renappo\X7Renappo\Negocio\Recursos.cs:línea 80
   en X7Renappo.CertificadoService.obtenerCertificado(String cuit) en C:\LIGHUEN\RENAPPO\X7Renappo\X7Renappo\CertificadoService.asmx.cs:línea 26
   --- Fin del seguimiento de la pila de la excepción interna ---
   en X7Renappo.CertificadoService.obtenerCertificado(String cuit) en C:\LIGHUEN\RENAPPO\X7Renappo\X7Renappo\CertificadoService.asmx.cs:línea 30</faultstring>
      <detail />
    </soap:Fault>
  </soap:Body>
</soap:Envelope>
2019-07-26 15:07:45,670 [11] INFO  Renappo [(null)] - Consulta SAP - Servicio : 
<soapenv:Envelope xmlns:soapenv="http://schemas.xmlsoap.org/soap/envelope/" xmlns:ren="https://anses.gov.ar/ws/renappo">
  <soapenv:Header />
  <soapenv:Body>
    <ren:obtenerCertificado>
      <!--Optional:-->
      <ren:cuit>30-50009859-3</ren:cuit>
    </ren:obtenerCertificado>
  </soapenv:Body>
</soapenv:Envelope>
2019-07-26 15:07:54,136 [11] INFO  Renappo [(null)] - Respuesta Servicio - SAP : 
<soap:Envelope xmlns:soap="http://schemas.xmlsoap.org/soap/envelope/" xmlns:xsi="http://www.w3.org/2001/XMLSchema-instance" xmlns:xsd="http://www.w3.org/2001/XMLSchema">
  <soap:Body>
    <obtenerCertificadoResponse xmlns="https://anses.gov.ar/ws/renappo">
      <obtenerCertificadoResult>
        <Cuit>30-50009859-3</Cuit>
        <RazonSocial>ALEMANN S.R.L.</RazonSocial>
        <Intermediario>ARGENTINISCHES TAGEBLATT</Intermediario>
        <Habilitado>Si</Habilitado>
        <FechaVigencia>2019-04-09 - 2019-10-06</FechaVigencia>
        <Tarifario>https://renappo.argentina.gob.ar/apiAnses/data/docs/5ca7741bccf0a-CUADRO-TARIFARIO-ACTUALIZADO.pdf-v1.pdf</Tarifario>
        <Certificado>&lt;pdf Author="Secretaria de Comunicacion Publica - Direccion Legales" Title="Certificado 30-50009859-3"&gt;
        &lt;page page-size="a4-landscape"&gt;
        &lt;div border-size="1.7mm" height="178mm" font-size="20px" border-color="#4f81bd" padding-left="3mm" padding-right="3mm"&gt;
            &lt;img text-align="center" src="%MediosRenappoBundle:img/renappo-header-pdf.png%" margin-left="2mm" margin-top="1mm" width="100%" /&gt;

            &lt;div text-align="center" height="15mm"&gt;CERTIFICADO HABILITANTE - Actividad: &lt;strong&gt;MEDIOS&lt;/strong&gt;&lt;/div&gt;

            &lt;div text-align="justify"&gt;
                De conformidad con lo establecido en las Resoluciones N° 247/2016 y N° 446/2016
                de la Secretaría de Comunicación Pública, se extiende a
                 ALEMANN S.R.L.,
                CUIT 30-50009859-3, Proveedor Nro 1, el presente certificado habilitante
                como Proveedor del Registro Nacional de Proveedores de Publicidad Oficial - RENAPPO.-
            &lt;/div&gt;

            &lt;div text-align="center" height="10mm"&gt;&lt;/div&gt;

            &lt;div float="left" width="120mm"&gt;
                &lt;div&gt;
                    Fecha: 2019-04-09
                &lt;/div&gt;
                &lt;div&gt;
                    Vencimiento: 2019-10-06
                &lt;/div&gt;
            &lt;/div&gt;

            &lt;div float="left" width="100mm"&gt;
                &lt;img text-align="center" src="%MediosRenappoBundle:img/FirmaDirector.png%" margin-top="1mm" width="35mm"/&gt;
            &lt;/div&gt;

            &lt;div float="left" width="45mm"&gt;
                &lt;img text-align="right" src="/tmp/AhPreX.png"/&gt;
            &lt;/div&gt;


        &lt;/div&gt;
    &lt;/page&gt;
        
&lt;/pdf&gt;
</Certificado>
      </obtenerCertificadoResult>
    </obtenerCertificadoResponse>
  </soap:Body>
</soap:Envelope>
