2019-08-22 13:08:12,502 [17] INFO  Renappo [(null)] - Consulta SAP - Servicio : 
<soapenv:Envelope xmlns:soapenv="http://schemas.xmlsoap.org/soap/envelope/" xmlns:ren="https://anses.gov.ar/ws/renappo">
  <soapenv:Header />
  <soapenv:Body>
    <ren:obtenerCertificado>
      <!--Optional:-->
      <ren:CUIT>30-50009859-3</ren:CUIT>
    </ren:obtenerCertificado>
  </soapenv:Body>
</soapenv:Envelope>
2019-08-22 13:09:19,726 [17] INFO  Renappo [(null)] - Respuesta Servicio - SAP : 
<soap:Envelope xmlns:soap="http://schemas.xmlsoap.org/soap/envelope/" xmlns:xsi="http://www.w3.org/2001/XMLSchema-instance" xmlns:xsd="http://www.w3.org/2001/XMLSchema">
  <soap:Body>
    <obtenerCertificadoResponse xmlns="https://anses.gov.ar/ws/renappo">
      <obtenerCertificadoResult>
        <Cuit>30-50009859-3</Cuit>
        <RazonSocial>ALEMANN S.R.L.</RazonSocial>
        <Intermediario>ARGENTINISCHES TAGEBLATT</Intermediario>
        <Habilitado>Si</Habilitado>
        <FechaVigencia>2019-04-09 - 2019-10-06</FechaVigencia>
        <Tarifario>https://renappo.argentina.gob.ar/apiAnses/data/docs/5ca7741bccf0a-CUADRO-TARIFARIO-ACTUALIZADO.pdf-v1.pdf</Tarifario>
        <Certificado>&lt;pdf Author="Secretaria de Comunicacion Publica - Direccion Legales" Title="Certificado 30-50009859-3"&gt;
        &lt;page page-size="a4-landscape"&gt;
        &lt;div border-size="1.7mm" height="178mm" font-size="20px" border-color="#4f81bd" padding-left="3mm" padding-right="3mm"&gt;
            &lt;img text-align="center" src="%MediosRenappoBundle:img/renappo-header-pdf.png%" margin-left="2mm" margin-top="1mm" width="100%" /&gt;

            &lt;div text-align="center" height="15mm"&gt;CERTIFICADO HABILITANTE - Actividad: &lt;strong&gt;MEDIOS&lt;/strong&gt;&lt;/div&gt;

            &lt;div text-align="justify"&gt;
                De conformidad con lo establecido en las Resoluciones N° 247/2016 y N° 446/2016
                de la Secretaría de Comunicación Pública, se extiende a
                 ALEMANN S.R.L.,
                CUIT 30-50009859-3, Proveedor Nro 1, el presente certificado habilitante
                como Proveedor del Registro Nacional de Proveedores de Publicidad Oficial - RENAPPO.-
            &lt;/div&gt;

            &lt;div text-align="center" height="10mm"&gt;&lt;/div&gt;

            &lt;div float="left" width="120mm"&gt;
                &lt;div&gt;
                    Fecha: 2019-04-09
                &lt;/div&gt;
                &lt;div&gt;
                    Vencimiento: 2019-10-06
                &lt;/div&gt;
            &lt;/div&gt;

            &lt;div float="left" width="100mm"&gt;
                &lt;img text-align="center" src="%MediosRenappoBundle:img/FirmaDirector.png%" margin-top="1mm" width="35mm"/&gt;
            &lt;/div&gt;

            &lt;div float="left" width="45mm"&gt;
                &lt;img text-align="right" src="/tmp/idrcua.png"/&gt;
            &lt;/div&gt;


        &lt;/div&gt;
    &lt;/page&gt;
        
&lt;/pdf&gt;
</Certificado>
      </obtenerCertificadoResult>
    </obtenerCertificadoResponse>
  </soap:Body>
</soap:Envelope>
